<?xml version="1.0" encoding="utf-8"?><testsuites><testsuite name="pytest" errors="0" failures="0" skipped="0" tests="14" time="0.502" timestamp="2024-08-07T07:14:11.276215" hostname="d04752f62534"><testcase classname="integration_tests.test_standalone_grpc_server" name="test_grpc_server_webhook[grpc_action_client-executor_result0-expected_keys0]" time="0.018" /><testcase classname="integration_tests.test_standalone_grpc_server" name="test_grpc_server_webhook[grpc_action_client-executor_result1-expected_keys1]" time="0.002" /><testcase classname="integration_tests.test_standalone_grpc_server" name="test_grpc_server_webhook[grpc_action_client-executor_result2-expected_keys2]" time="0.002" /><testcase classname="integration_tests.test_standalone_grpc_server" name="test_grpc_server_webhook[grpc_action_client-executor_result3-expected_keys3]" time="0.002" /><testcase classname="integration_tests.test_standalone_grpc_server" name="test_grpc_server_webhook[grpc_tls_action_client-executor_result0-expected_keys0]" time="0.004" /><testcase classname="integration_tests.test_standalone_grpc_server" name="test_grpc_server_webhook[grpc_tls_action_client-executor_result1-expected_keys1]" time="0.004" /><testcase classname="integration_tests.test_standalone_grpc_server" name="test_grpc_server_webhook[grpc_tls_action_client-executor_result2-expected_keys2]" time="0.004" /><testcase classname="integration_tests.test_standalone_grpc_server" name="test_grpc_server_webhook[grpc_tls_action_client-executor_result3-expected_keys3]" time="0.004" /><testcase classname="integration_tests.test_standalone_grpc_server" name="test_grpc_server_action_missing_domain[grpc_action_client-exception0-DOMAIN]" time="0.002" /><testcase classname="integration_tests.test_standalone_grpc_server" name="test_grpc_server_action_missing_domain[grpc_action_client-exception1-ACTION]" time="0.002" /><testcase classname="integration_tests.test_standalone_grpc_server" name="test_grpc_server_action_missing_domain[grpc_tls_action_client-exception0-DOMAIN]" time="0.004" /><testcase classname="integration_tests.test_standalone_grpc_server" name="test_grpc_server_action_missing_domain[grpc_tls_action_client-exception1-ACTION]" time="0.003" /><testcase classname="integration_tests.test_standalone_grpc_server" name="test_grpc_server_healthcheck[grpc_healthcheck_client]" time="0.002" /><testcase classname="integration_tests.test_standalone_grpc_server" name="test_grpc_server_healthcheck[grpc_tls_healthcheck_client]" time="0.004" /></testsuite></testsuites>